app/build/outputs/logs/manifest-merger-debug-report.txt
-- Merging decision tree log ---
manifest
ADDED from src\main\AndroidManifest.xml:2:1-71:12
	xmlns:android
		ADDED from src\main\AndroidManifest.xml:2:11-69
	package
		ADDED from src\main\AndroidManifest.xml:3:5-45
		INJECTED from src\main\AndroidManifest.xml
		INJECTED from src\main\AndroidManifest.xml
	android:versionName
		ADDED from src\main\AndroidManifest.xml:5:5-30
		INJECTED from src\main\AndroidManifest.xml
		INJECTED from src\main\AndroidManifest.xml
	android:versionCode
		ADDED from src\main\AndroidManifest.xml:4:5-28
		INJECTED from src\main\AndroidManifest.xml
		INJECTED from src\main\AndroidManifest.xml
uses-sdk
ADDED from src\main\AndroidManifest.xml:7:5-9:41
	android:targetSdkVersion
		ADDED from src\main\AndroidManifest.xml:9:9-38
		INJECTED from src\main\AndroidManifest.xml
		INJECTED from src\main\AndroidManifest.xml
	android:minSdkVersion
		ADDED from src\main\AndroidManifest.xml:8:9-34
		INJECTED from src\main\AndroidManifest.xml
		INJECTED from src\main\AndroidManifest.xml
application
ADDED from src\main\AndroidManifest.xml:11:5-69:19
	android:label
		ADDED from src\main\AndroidManifest.xml:14:9-41
	android:allowBackup
		ADDED from src\main\AndroidManifest.xml:12:9-35
	android:icon
		ADDED from src\main\AndroidManifest.xml:13:9-45
	android:theme
		ADDED from src\main\AndroidManifest.xml:15:9-40
activity#team.csc207.androidapplication.LogIn
ADDED from src\main\AndroidManifest.xml:16:9-24:20
	android:label
		ADDED from src\main\AndroidManifest.xml:18:13-58
	android:name
		ADDED from src\main\AndroidManifest.xml:17:13-34
intent-filter#android.intent.action.MAIN+android.intent.category.LAUNCHER
ADDED from src\main\AndroidManifest.xml:19:13-23:29
action#android.intent.action.MAIN
ADDED from src\main\AndroidManifest.xml:20:17-69
	android:name
		ADDED from src\main\AndroidManifest.xml:20:25-66
category#android.intent.category.LAUNCHER
ADDED from src\main\AndroidManifest.xml:22:17-77
	android:name
		ADDED from src\main\AndroidManifest.xml:22:27-74
activity#team.csc207.androidapplication.ViewClientInfo
ADDED from src\main\AndroidManifest.xml:25:9-28:20
	android:label
		ADDED from src\main\AndroidManifest.xml:27:13-68
	android:name
		ADDED from src\main\AndroidManifest.xml:26:13-43
activity#team.csc207.androidapplication.DisplayBooked
ADDED from src\main\AndroidManifest.xml:29:9-32:20
	android:label
		ADDED from src\main\AndroidManifest.xml:31:13-66
	android:name
		ADDED from src\main\AndroidManifest.xml:30:13-42
activity#team.csc207.androidapplication.DisplayItinerary
ADDED from src\main\AndroidManifest.xml:33:9-36:20
	android:label
		ADDED from src\main\AndroidManifest.xml:35:13-69
	android:name
		ADDED from src\main\AndroidManifest.xml:34:13-45
activity#team.csc207.androidapplication.DisplayFlight
ADDED from src\main\AndroidManifest.xml:37:9-40:20
	android:label
		ADDED from src\main\AndroidManifest.xml:39:13-66
	android:name
		ADDED from src\main\AndroidManifest.xml:38:13-42
activity#team.csc207.androidapplication.DisplayActivity
ADDED from src\main\AndroidManifest.xml:41:9-44:20
	android:label
		ADDED from src\main\AndroidManifest.xml:43:13-59
	android:name
		ADDED from src\main\AndroidManifest.xml:42:13-44
activity#team.csc207.androidapplication.SignUpActivity
ADDED from src\main\AndroidManifest.xml:45:9-48:20
	android:label
		ADDED from src\main\AndroidManifest.xml:47:13-59
	android:name
		ADDED from src\main\AndroidManifest.xml:46:13-43
activity#team.csc207.androidapplication.CreateClient
ADDED from src\main\AndroidManifest.xml:49:9-52:20
	android:label
		ADDED from src\main\AndroidManifest.xml:51:13-65
	android:name
		ADDED from src\main\AndroidManifest.xml:50:13-41
activity#team.csc207.androidapplication.MainActivity
ADDED from src\main\AndroidManifest.xml:53:9-56:20
	android:label
		ADDED from src\main\AndroidManifest.xml:55:13-56
	android:name
		ADDED from src\main\AndroidManifest.xml:54:13-41
activity#team.csc207.androidapplication.SearchResults
ADDED from src\main\AndroidManifest.xml:57:9-60:20
	android:label
		ADDED from src\main\AndroidManifest.xml:59:13-66
	android:name
		ADDED from src\main\AndroidManifest.xml:58:13-42
activity#team.csc207.androidapplication.UploadInfo
ADDED from src\main\AndroidManifest.xml:61:9-64:20
	android:label
		ADDED from src\main\AndroidManifest.xml:63:13-63
	android:name
		ADDED from src\main\AndroidManifest.xml:62:13-39
activity#team.csc207.androidapplication.ViewFlightInfo
ADDED from src\main\AndroidManifest.xml:65:9-68:20
	android:label
		ADDED from src\main\AndroidManifest.xml:67:13-68
	android:name
		ADDED from src\main\AndroidManifest.xml:66:13-43